build/app/outputs/mapping/release/seeds.txt
com.highqfresh.MainActivity
com.highqfresh.Application: Application()
com.highqfresh.Application
com.highqfresh.MainActivity: MainActivity()
...
androidx.browser.R$dimen: int notification_big_circle_margin
androidx.core.R$id: int accessibility_custom_action_18
androidx.core.R$id: int accessibility_custom_action_14
io.flutter.app.FlutterApplication: FlutterApplication()
androidx.core.graphics.drawable.IconCompatParcelizer: void write(androidx.core.graphics.drawable.IconCompat,androidx.versionedparcelable.VersionedParcel)
com.google.firebase.installations.remote.InstallationResponse$ResponseCode: com.google.firebase.installations.remote.InstallationResponse$ResponseCode[] values()
io.flutter.embedding.engine.systemchannels.TextInputChannel$TextCapitalization: io.flutter.embedding.engine.systemchannels.TextInputChannel$TextCapitalization[] values()
androidx.core.R$id: int accessibility_custom_action_30
org.chromium.support_lib_boundary.WebViewProviderFactoryBoundaryInterface: java.lang.String[] getSupportedFeatures()
com.google.android.gms.base.R$drawable: int common_google_signin_btn_text_light_normal
io.flutter.embedding.engine.FlutterJNI: io.flutter.embedding.engine.dart.PlatformMessageHandler platformMessageHandler
io.flutter.view.FlutterCallbackInformation: io.flutter.view.FlutterCallbackInformation lookupCallbackInformation(long)
com.google.android.gms.base.R$drawable: int common_google_signin_btn_icon_dark_normal_background
androidx.lifecycle.Lifecycle$Event: androidx.lifecycle.Lifecycle$Event[] $VALUES
com.google.android.datatransport.runtime.backends.TransportBackendDiscovery
io.flutter.view.FlutterView: void setInitialRoute(java.lang.String)
io.flutter.embedding.engine.systemchannels.PlatformChannel$HapticFeedbackType: io.flutter.embedding.engine.systemchannels.PlatformChannel$HapticFeedbackType[] values()
io.flutter.view.AccessibilityViewEmbedder: void cacheVirtualIdMappings(android.view.View,int,int)
com.google.android.gms.base.R$drawable: int common_google_signin_btn_icon_disabled
androidx.core.R$dimen: int compat_button_padding_vertical_material
org.chromium.support_lib_boundary.ServiceWorkerControllerBoundaryInterface
com.google.firebase.messaging.FirebaseMessagingRegistrar: FirebaseMessagingRegistrar()
androidx.core.R$dimen: int compat_button_inset_vertical_material
androidx.core.R$id: int chronometer
androidx.versionedparcelable.CustomVersionedParcelable: CustomVersionedParcelable()
org.chromium.support_lib_boundary.ServiceWorkerWebSettingsBoundaryInterface: void setAllowFileAccess(boolean)
com.google.firebase.messaging.FirebaseMessaging: com.google.firebase.messaging.FirebaseMessaging getInstance(com.google.firebase.FirebaseApp)
io.flutter.view.AccessibilityViewEmbedder: io.flutter.view.AccessibilityViewEmbedder$ReflectionAccessors reflectionAccessors
androidx.core.R$id: int accessibility_custom_action_26
org.chromium.support_lib_boundary.WebMessageBoundaryInterface: java.lang.String getData()
com.google.android.gms.base.R$drawable: int common_google_signin_btn_icon_dark
com.google.firebase.heartbeatinfo.HeartBeatInfo$HeartBeat: com.google.firebase.heartbeatinfo.HeartBeatInfo$HeartBeat[] values()
com.google.firebase.components.ComponentDiscoveryService
androidx.browser.R$dimen: int notification_large_icon_width
io.flutter.embedding.android.FlutterSplashView$SavedState
android.support.v4.app.RemoteActionCompatParcelizer
io.flutter.view.FlutterView: io.flutter.embedding.engine.dart.DartExecutor getDartExecutor()
com.google.android.gms.common.api.Scope: android.os.Parcelable$Creator CREATOR
androidx.fragment.app.FragmentState: android.os.Parcelable$Creator CREATOR
io.flutter.embedding.engine.FlutterJNI: void setViewportMetrics(float,int,int,int,int,int,int,int,int,int,int,int,int,int,int)
androidx.core.R$id: int text2
org.chromium.support_lib_boundary.WebkitToCompatConverterBoundaryInterface: java.lang.reflect.InvocationHandler convertWebResourceError(java.lang.Object)
io.flutter.view.AccessibilityBridge$Action: io.flutter.view.AccessibilityBridge$Action valueOf(java.lang.String)