build/app/outputs/mapping/release/mapping.txt
# compiler: R8
# compiler_version: 1.6.82
# min_api: 16
# pg_map_id: a7d1e06
# common_typos_disable
com.highqfresh.Application -> com.highqfresh.Application:
    void registerWith(io.flutter.plugin.common.PluginRegistry) -> a
...
com.google.android.exoplayer2.ExoPlayerImpl$1 -> b.c.a.b.k$a:
    com.google.android.exoplayer2.ExoPlayerImpl this$0 -> a
com.google.android.exoplayer2.ExoPlayerImpl$PlaybackInfoUpdate -> b.c.a.b.k$b:
    boolean playbackStateOrPlayWhenReadyChanged -> i
    boolean timelineOrManifestChanged -> j
    boolean isLoadingChanged -> k
    com.google.android.exoplayer2.trackselection.TrackSelector trackSelector -> c
    boolean trackSelectorResultChanged -> l
    int timelineChangeReason -> f
    boolean seekProcessed -> g
    java.util.Set listeners -> b
    int positionDiscontinuityReason -> e
    boolean playWhenReady -> h
    com.google.android.exoplayer2.PlaybackInfo playbackInfo -> a
    boolean positionDiscontinuity -> d
    void notifyListeners() -> a
com.google.android.exoplayer2.ExoPlayerImplInternal -> b.c.a.b.l:
    com.google.android.exoplayer2.Renderer[] enabledRenderers -> w
    com.google.android.exoplayer2.RendererCapabilities[] rendererCapabilities -> b
    com.google.android.exoplayer2.trackselection.TrackSelectorResult emptyTrackSelectorResult -> d
    int pendingPrepareCount -> C
    int repeatMode -> A
    com.google.android.exoplayer2.util.Clock clock -> r
    com.google.android.exoplayer2.Renderer[] renderers -> a
    com.google.android.exoplayer2.util.HandlerWrapper handler -> g
    boolean playWhenReady -> y
    com.google.android.exoplayer2.trackselection.TrackSelector trackSelector -> c
    com.google.android.exoplayer2.ExoPlayerImplInternal$SeekPosition pendingInitialSeekPosition -> D
    android.os.HandlerThread internalPlaybackThread -> h
    com.google.android.exoplayer2.Timeline$Window window -> k
    long backBufferDurationUs -> m
    android.os.Handler eventHandler -> i
    java.util.ArrayList pendingMessages -> q
    com.google.android.exoplayer2.LoadControl loadControl -> e
    boolean retainBackBufferFromKeyframe -> n
    com.google.android.exoplayer2.Timeline$Period period -> l
    long rendererPositionUs -> E
    com.google.android.exoplayer2.source.MediaSource mediaSource -> v
    int nextPendingMessageIndex -> F
    com.google.android.exoplayer2.DefaultMediaClock mediaClock -> o
    boolean released -> x
    com.google.android.exoplayer2.MediaPeriodQueue queue -> s
com.google.android.exoplayer2.ExoPlayerImplInternal$1 -> b.c.a.b.l$a:
com.google.android.exoplayer2.ExoPlayerImplInternal$MediaSourceRefreshInfo -> b.c.a.b.l$b:
    com.google.android.exoplayer2.Timeline timeline -> b
    java.lang.Object manifest -> c
    com.google.android.exoplayer2.source.MediaSource source -> a
com.google.android.exoplayer2.ExoPlayerImplInternal$PendingMessageInfo -> b.c.a.b.l$c:
    java.lang.Object resolvedPeriodUid -> d
    com.google.android.exoplayer2.PlayerMessage message -> a
    long resolvedPeriodTimeUs -> c
    int resolvedPeriodIndex -> b
    int compareTo(com.google.android.exoplayer2.ExoPlayerImplInternal$PendingMessageInfo) -> a
    void setResolvedPosition(int,long,java.lang.Object) -> a
com.google.android.exoplayer2.ExoPlayerImplInternal$PlaybackInfoUpdate -> b.c.a.b.l$d:
    int discontinuityReason -> d
    int operationAcks -> b
    com.google.android.exoplayer2.PlaybackInfo lastPlaybackInfo -> a
    boolean positionDiscontinuity -> c
    int access$100(com.google.android.exoplayer2.ExoPlayerImplInternal$PlaybackInfoUpdate) -> a
    boolean hasPendingUpdate(com.google.android.exoplayer2.PlaybackInfo) -> a
    void incrementPendingOperationAcks(int) -> a
    boolean access$200(com.google.android.exoplayer2.ExoPlayerImplInternal$PlaybackInfoUpdate) -> b
    void reset(com.google.android.exoplayer2.PlaybackInfo) -> b
    void setPositionDiscontinuity(int) -> b
    int access$300(com.google.android.exoplayer2.ExoPlayerImplInternal$PlaybackInfoUpdate) -> c
com.google.android.exoplayer2.ExoPlayerImplInternal$SeekPosition -> b.c.a.b.l$e:
    com.google.android.exoplayer2.Timeline timeline -> a
    long windowPositionUs -> c
    int windowIndex -> b