build/app/outputs/mapping/release/usage.txt
com.highqfresh.BuildConfig
com.highqfresh.R$dimen
com.highqfresh.R
com.highqfresh.R$style
com.highqfresh.R$string
com.highqfresh.R$color
com.highqfresh.R$integer
com.highqfresh.R$anim
com.highqfresh.R$attr
com.highqfresh.R$layout
com.highqfresh.R$drawable
com.highqfresh.R$styleable
com.highqfresh.R$xml
com.highqfresh.R$id
com.highqfresh.R$mipmap
...
androidx.core.content.ContextCompat:
    private static final java.lang.Object sLock
com.google.android.gms.common.zzc:
    private static final java.lang.Object zzo
com.google.android.exoplayer2.extractor.mp4.FragmentedMp4Extractor:
    public static final com.google.android.exoplayer2.extractor.ExtractorsFactory FACTORY
com.google.android.gms.common.util.WorkSourceUtil:
    private static final int zzhj
    private static final java.lang.reflect.Method zzhn
    private static final java.lang.reflect.Method zzhp
    private static final java.lang.reflect.Method zzhq
androidx.lifecycle.LiveData:
    public java.lang.Object getValue()
    public boolean hasActiveObservers()
    private final java.lang.Runnable mPostValueRunnable
androidx.loader.content.Loader$OnLoadCompleteListener
dagger.internal.DoubleCheck:
    static final synthetic boolean $assertionsDisabled
com.google.android.exoplayer2.source.hls.playlist.HlsPlaylistTracker$PlaylistResetException:
    public final java.lang.String url
com.google.android.gms.common.api.internal.GoogleApiManager:
    private final java.util.concurrent.atomic.AtomicInteger zaig
io.flutter.view.FlutterView$Provider
io.flutter.plugin.platform.VirtualDisplayController$1:
    final synthetic io.flutter.plugin.platform.VirtualDisplayController this$0
io.flutter.embedding.engine.loader.ResourceCleaner$1:
    final synthetic io.flutter.embedding.engine.loader.ResourceCleaner this$0
com.google.android.gms.internal.firebase_messaging.zze:
    private static com.google.android.gms.internal.firebase_messaging.zzh zza
com.tekartik.sqflite.operation.MethodCallOperation$Result:
    final synthetic com.tekartik.sqflite.operation.MethodCallOperation this$0
io.flutter.view.AccessibilityBridge$SemanticsNode:
    private io.flutter.view.AccessibilityBridge$TextDirection textDirection
    private float previousScrollExtentMax
    private float previousScrollExtentMin
com.google.android.gms.internal.common.zzb:
    private static com.google.android.gms.internal.common.zzd zzc
com.google.firebase.encoders.Encoder
androidx.legacy.content.WakefulBroadcastReceiver:
    private static final android.util.SparseArray sActiveWakeLocks
    private static int mNextId
com.google.android.gms.common.util.Strings:
    private static final java.util.regex.Pattern zzhh
com.google.android.gms.signin.zaa:
    private static final com.google.android.gms.common.api.Scope zar
    private static final com.google.android.gms.common.api.Scope zas
    public static final com.google.android.gms.common.api.Api API
    private static final com.google.android.gms.common.api.Api zaru
com.google.android.exoplayer2.SeekParameters:
    public static final com.google.android.exoplayer2.SeekParameters CLOSEST_SYNC
    public static final com.google.android.exoplayer2.SeekParameters PREVIOUS_SYNC
    public static final com.google.android.exoplayer2.SeekParameters NEXT_SYNC
com.google.android.gms.common.api.Status:
    public static final com.google.android.gms.common.api.Status RESULT_INTERRUPTED
    public static final com.google.android.gms.common.api.Status RESULT_INTERNAL_ERROR
    private static final com.google.android.gms.common.api.Status zzar
    public static final com.google.android.gms.common.api.Status RESULT_DEAD_CLIENT
com.google.android.gms.internal.common.zzd
com.google.android.exoplayer2.trackselection.MappingTrackSelector:
    private com.google.android.exoplayer2.trackselection.MappingTrackSelector$MappedTrackInfo currentMappedTrackInfo
com.google.android.exoplayer2.extractor.ts.TsExtractor:
    public static final com.google.android.exoplayer2.extractor.ExtractorsFactory FACTORY
com.google.android.exoplayer2.source.smoothstreaming.DefaultSsChunkSource$StreamElementIterator:
    private final com.google.android.exoplayer2.source.smoothstreaming.manifest.SsManifest$StreamElement streamElement
    private final int trackIndex